2023-10-04 11:45:01,850.message_producer.INFO ==================================================
2023-10-04 11:45:01,850.message_producer.INFO Today is 2023-10-04 at 11:45 AM
2023-10-04 11:45:01,850.message_producer.INFO Running on: nt Windows 10
2023-10-04 11:45:01,850.message_producer.INFO Python version:  3.11.1
2023-10-04 11:45:01,851.message_producer.INFO Python path: C:\Users\jorda\OneDrive\Desktop\Northwest Homework\1. Streaming Data\Module 7\online-sales-transactions\.venv
2023-10-04 11:45:01,851.message_producer.INFO Working dir: C:\Users\jorda\OneDrive\Desktop\Northwest Homework\1. Streaming Data\Module 7\online-sales-transactions
2023-10-04 11:45:01,851.message_producer.INFO ==================================================
2023-10-04 11:45:05,013.message_producer.INFO Seeing if you want to monitor RabbitMQ queues
2023-10-04 11:45:05,090.message_producer.INFO Answer is y.
2023-10-04 11:45:05,120.message_producer.INFO Skipping header row
2023-10-04 11:45:05,120.message_producer.INFO  [x] Sent ('2022-10-03 06:59:59', 'Credit Card') to 01-method
2023-10-04 11:45:05,121.message_producer.INFO  [x] Sent ('2022-10-03 06:59:59', '422.95', 'Credit Card') to 02-amount
2023-10-04 11:45:05,121.message_producer.INFO  [x] Sent ('2022-10-03 06:59:59', 'Electronics') to 03-category
2023-10-04 11:45:10,122.message_producer.INFO  [x] Sent ('2022-10-03 08:35:55', 'Apple Pay') to 01-method
2023-10-04 11:45:10,122.message_producer.INFO  [x] Sent ('2022-10-03 08:35:55', '45.5', 'Apple Pay') to 02-amount
2023-10-04 11:45:10,124.message_producer.INFO  [x] Sent ('2022-10-03 08:35:55', 'Books') to 03-category
2023-10-04 11:45:15,124.message_producer.INFO  [x] Sent ('2022-10-03 17:00:25', 'Google Wallet') to 01-method
2023-10-04 11:45:15,125.message_producer.INFO  [x] Sent ('2022-10-03 17:00:25', '336.09', 'Google Wallet') to 02-amount
2023-10-04 11:45:15,125.message_producer.INFO  [x] Sent ('2022-10-03 17:00:25', 'Electronics') to 03-category
2023-10-04 11:45:20,126.message_producer.INFO  [x] Sent ('2022-10-03 20:33:43', 'Credit Card') to 01-method
2023-10-04 11:45:20,126.message_producer.INFO  [x] Sent ('2022-10-03 20:33:43', '496.34', 'Credit Card') to 02-amount
2023-10-04 11:45:20,126.message_producer.INFO  [x] Sent ('2022-10-03 20:33:43', 'Sports & Outdoors') to 03-category
2023-10-04 11:45:25,128.message_producer.INFO  [x] Sent ('2022-10-04 04:19:45', 'Credit Card') to 01-method
2023-10-04 11:45:25,129.message_producer.INFO  [x] Sent ('2022-10-04 04:19:45', '268.79', 'Credit Card') to 02-amount
2023-10-04 11:45:25,129.message_producer.INFO  [x] Sent ('2022-10-04 04:19:45', 'Home & Garden') to 03-category
2023-10-04 11:45:30,130.message_producer.INFO  [x] Sent ('2022-10-04 12:28:50', 'PayPal') to 01-method
2023-10-04 11:45:30,130.message_producer.INFO  [x] Sent ('2022-10-04 12:28:50', '134.72', 'PayPal') to 02-amount
2023-10-04 11:45:30,130.message_producer.INFO  [x] Sent ('2022-10-04 12:28:50', 'Home & Garden') to 03-category
2023-10-04 11:45:35,132.message_producer.INFO  [x] Sent ('2022-10-04 13:58:42', 'Credit Card') to 01-method
2023-10-04 11:45:35,132.message_producer.INFO  [x] Sent ('2022-10-04 13:58:42', '75.75', 'Credit Card') to 02-amount
2023-10-04 11:45:35,132.message_producer.INFO  [x] Sent ('2022-10-04 13:58:42', 'Clothing') to 03-category
2023-10-04 11:45:40,134.message_producer.INFO  [x] Sent ('2022-10-06 01:19:13', 'Debit Card') to 01-method
2023-10-04 11:45:40,135.message_producer.INFO  [x] Sent ('2022-10-06 01:19:13', '496.03', 'Debit Card') to 02-amount
2023-10-04 11:45:40,135.message_producer.INFO  [x] Sent ('2022-10-06 01:19:13', 'Electronics') to 03-category
2023-10-04 11:45:45,136.message_producer.INFO  [x] Sent ('2022-10-06 07:31:55', 'Credit Card') to 01-method
2023-10-04 11:45:45,136.message_producer.INFO  [x] Sent ('2022-10-06 07:31:55', '469.83', 'Credit Card') to 02-amount
2023-10-04 11:45:45,136.message_producer.INFO  [x] Sent ('2022-10-06 07:31:55', 'Books') to 03-category
2023-10-04 11:45:50,137.message_producer.INFO  [x] Sent ('2022-10-06 17:16:55', 'Credit Card') to 01-method
2023-10-04 11:45:50,137.message_producer.INFO  [x] Sent ('2022-10-06 17:16:55', '66.31', 'Credit Card') to 02-amount
2023-10-04 11:45:50,138.message_producer.INFO  [x] Sent ('2022-10-06 17:16:55', 'Home & Garden') to 03-category
2023-10-04 11:45:55,139.message_producer.INFO  [x] Sent ('2022-10-07 00:48:33', 'PayPal') to 01-method
2023-10-04 11:45:55,139.message_producer.INFO  [x] Sent ('2022-10-07 00:48:33', '136.84', 'PayPal') to 02-amount
2023-10-04 11:45:55,140.message_producer.INFO  [x] Sent ('2022-10-07 00:48:33', 'Books') to 03-category
2023-10-04 11:46:00,141.message_producer.INFO  [x] Sent ('2022-10-07 03:13:43', 'Debit Card') to 01-method
2023-10-04 11:46:00,141.message_producer.INFO  [x] Sent ('2022-10-07 03:13:43', '138.49', 'Debit Card') to 02-amount
2023-10-04 11:46:00,141.message_producer.INFO  [x] Sent ('2022-10-07 03:13:43', 'Books') to 03-category
2023-10-04 11:46:05,143.message_producer.INFO  [x] Sent ('2022-10-08 02:16:12', 'Debit Card') to 01-method
2023-10-04 11:46:05,143.message_producer.INFO  [x] Sent ('2022-10-08 02:16:12', '352.42', 'Debit Card') to 02-amount
2023-10-04 11:46:05,143.message_producer.INFO  [x] Sent ('2022-10-08 02:16:12', 'Sports & Outdoors') to 03-category
2023-10-04 11:46:10,144.message_producer.INFO  [x] Sent ('2022-10-08 09:25:23', 'Google Wallet') to 01-method
2023-10-04 11:46:10,145.message_producer.INFO  [x] Sent ('2022-10-08 09:25:23', '165.4', 'Google Wallet') to 02-amount
2023-10-04 11:46:10,145.message_producer.INFO  [x] Sent ('2022-10-08 09:25:23', 'Books') to 03-category
2023-10-04 11:46:15,146.message_producer.INFO  [x] Sent ('2022-10-08 17:14:00', 'PayPal') to 01-method
2023-10-04 11:46:15,147.message_producer.INFO  [x] Sent ('2022-10-08 17:14:00', '462.16', 'PayPal') to 02-amount
2023-10-04 11:46:15,147.message_producer.INFO  [x] Sent ('2022-10-08 17:14:00', 'Home & Garden') to 03-category
2023-10-04 11:46:20,149.message_producer.INFO  [x] Sent ('2022-10-08 19:33:35', 'Store Card') to 01-method
2023-10-04 11:46:20,149.message_producer.INFO  [x] Sent ('2022-10-08 19:33:35', '479.98', 'Store Card') to 02-amount
2023-10-04 11:46:20,149.message_producer.INFO  [x] Sent ('2022-10-08 19:33:35', 'Books') to 03-category
2023-10-04 11:46:25,151.message_producer.INFO  [x] Sent ('2022-10-08 23:38:31', 'PayPal') to 01-method
2023-10-04 11:46:25,151.message_producer.INFO  [x] Sent ('2022-10-08 23:38:31', '123.72', 'PayPal') to 02-amount
2023-10-04 11:46:25,151.message_producer.INFO  [x] Sent ('2022-10-08 23:38:31', 'Sports & Outdoors') to 03-category
2023-10-04 11:46:30,153.message_producer.INFO  [x] Sent ('2022-10-09 04:49:23', 'PayPal') to 01-method
2023-10-04 11:46:30,153.message_producer.INFO  [x] Sent ('2022-10-09 04:49:23', '471.57', 'PayPal') to 02-amount
2023-10-04 11:46:30,154.message_producer.INFO  [x] Sent ('2022-10-09 04:49:23', 'Sports & Outdoors') to 03-category
2023-10-04 11:46:35,154.message_producer.INFO  [x] Sent ('2022-10-09 13:26:03', 'PayPal') to 01-method
2023-10-04 11:46:35,154.message_producer.INFO  [x] Sent ('2022-10-09 13:26:03', '86.0', 'PayPal') to 02-amount
2023-10-04 11:46:35,154.message_producer.INFO  [x] Sent ('2022-10-09 13:26:03', 'Electronics') to 03-category
2023-10-04 11:46:40,156.message_producer.INFO  [x] Sent ('2022-10-10 11:28:50', 'Credit Card') to 01-method
2023-10-04 11:46:40,156.message_producer.INFO  [x] Sent ('2022-10-10 11:28:50', '423.48', 'Credit Card') to 02-amount
2023-10-04 11:46:40,156.message_producer.INFO  [x] Sent ('2022-10-10 11:28:50', 'Sports & Outdoors') to 03-category
2023-10-04 11:46:45,157.message_producer.INFO  [x] Sent ('2022-10-11 02:53:40', 'Google Wallet') to 01-method
2023-10-04 11:46:45,157.message_producer.INFO  [x] Sent ('2022-10-11 02:53:40', '14.62', 'Google Wallet') to 02-amount
2023-10-04 11:46:45,159.message_producer.INFO  [x] Sent ('2022-10-11 02:53:40', 'Books') to 03-category
2023-10-04 11:46:50,159.message_producer.INFO  [x] Sent ('2022-10-11 05:15:33', 'Store Card') to 01-method
2023-10-04 11:46:50,159.message_producer.INFO  [x] Sent ('2022-10-11 05:15:33', '450.55', 'Store Card') to 02-amount
2023-10-04 11:46:50,161.message_producer.INFO  [x] Sent ('2022-10-11 05:15:33', 'Sports & Outdoors') to 03-category
2023-10-04 11:46:55,162.message_producer.INFO  [x] Sent ('2022-10-11 16:01:19', 'Credit Card') to 01-method
2023-10-04 11:46:55,162.message_producer.INFO  [x] Sent ('2022-10-11 16:01:19', '45.08', 'Credit Card') to 02-amount
2023-10-04 11:46:55,163.message_producer.INFO  [x] Sent ('2022-10-11 16:01:19', 'Electronics') to 03-category
2023-10-04 11:47:00,164.message_producer.INFO  [x] Sent ('2022-10-11 17:58:12', 'Apple Pay') to 01-method
2023-10-04 11:47:00,164.message_producer.INFO  [x] Sent ('2022-10-11 17:58:12', '178.87', 'Apple Pay') to 02-amount
2023-10-04 11:47:00,164.message_producer.INFO  [x] Sent ('2022-10-11 17:58:12', 'Electronics') to 03-category
2023-10-04 11:47:05,165.message_producer.INFO  [x] Sent ('2022-10-12 02:42:15', 'Credit Card') to 01-method
2023-10-04 11:47:05,166.message_producer.INFO  [x] Sent ('2022-10-12 02:42:15', '352.95', 'Credit Card') to 02-amount
2023-10-04 11:47:05,166.message_producer.INFO  [x] Sent ('2022-10-12 02:42:15', 'Electronics') to 03-category
2023-10-04 11:47:10,168.message_producer.INFO  [x] Sent ('2022-10-12 20:06:36', 'Google Wallet') to 01-method
2023-10-04 11:47:10,168.message_producer.INFO  [x] Sent ('2022-10-12 20:06:36', '132.98', 'Google Wallet') to 02-amount
2023-10-04 11:47:10,169.message_producer.INFO  [x] Sent ('2022-10-12 20:06:36', 'Books') to 03-category
2023-10-04 11:47:15,170.message_producer.INFO  [x] Sent ('2022-10-13 14:48:25', 'Google Wallet') to 01-method
2023-10-04 11:47:15,170.message_producer.INFO  [x] Sent ('2022-10-13 14:48:25', '370.91', 'Google Wallet') to 02-amount
2023-10-04 11:47:15,170.message_producer.INFO  [x] Sent ('2022-10-13 14:48:25', 'Sports & Outdoors') to 03-category
2023-10-04 11:47:20,171.message_producer.INFO  [x] Sent ('2022-10-13 15:11:14', 'Google Wallet') to 01-method
2023-10-04 11:47:20,171.message_producer.INFO  [x] Sent ('2022-10-13 15:11:14', '284.69', 'Google Wallet') to 02-amount
2023-10-04 11:47:20,171.message_producer.INFO  [x] Sent ('2022-10-13 15:11:14', 'Home & Garden') to 03-category
2023-10-04 11:47:25,173.message_producer.INFO  [x] Sent ('2022-10-13 23:46:57', 'Credit Card') to 01-method
2023-10-04 11:47:25,174.message_producer.INFO  [x] Sent ('2022-10-13 23:46:57', '348.49', 'Credit Card') to 02-amount
2023-10-04 11:47:25,174.message_producer.INFO  [x] Sent ('2022-10-13 23:46:57', 'Sports & Outdoors') to 03-category
2023-10-04 11:47:30,175.message_producer.INFO  [x] Sent ('2022-10-14 02:44:23', 'Apple Pay') to 01-method
2023-10-04 11:47:30,176.message_producer.INFO  [x] Sent ('2022-10-14 02:44:23', '249.77', 'Apple Pay') to 02-amount
2023-10-04 11:47:30,176.message_producer.INFO  [x] Sent ('2022-10-14 02:44:23', 'Sports & Outdoors') to 03-category
2023-10-04 11:47:35,177.message_producer.INFO  [x] Sent ('2022-10-14 16:10:24', 'Debit Card') to 01-method
2023-10-04 11:47:35,177.message_producer.INFO  [x] Sent ('2022-10-14 16:10:24', '475.24', 'Debit Card') to 02-amount
2023-10-04 11:47:35,178.message_producer.INFO  [x] Sent ('2022-10-14 16:10:24', 'Home & Garden') to 03-category
2023-10-04 11:47:40,178.message_producer.INFO  [x] Sent ('2022-10-14 23:13:36', 'Credit Card') to 01-method
2023-10-04 11:47:40,178.message_producer.INFO  [x] Sent ('2022-10-14 23:13:36', '348.99', 'Credit Card') to 02-amount
2023-10-04 11:47:40,178.message_producer.INFO  [x] Sent ('2022-10-14 23:13:36', 'Home & Garden') to 03-category
2023-10-04 11:47:45,180.message_producer.INFO  [x] Sent ('2022-10-15 04:30:28', 'PayPal') to 01-method
2023-10-04 11:47:45,180.message_producer.INFO  [x] Sent ('2022-10-15 04:30:28', '72.11', 'PayPal') to 02-amount
2023-10-04 11:47:45,180.message_producer.INFO  [x] Sent ('2022-10-15 04:30:28', 'Electronics') to 03-category
2023-10-04 11:47:50,181.message_producer.INFO  [x] Sent ('2022-10-15 12:22:49', 'Credit Card') to 01-method
2023-10-04 11:47:50,181.message_producer.INFO  [x] Sent ('2022-10-15 12:22:49', '350.96', 'Credit Card') to 02-amount
2023-10-04 11:47:50,181.message_producer.INFO  [x] Sent ('2022-10-15 12:22:49', 'Books') to 03-category
2023-10-04 11:47:55,183.message_producer.INFO  [x] Sent ('2022-10-15 20:57:19', 'Debit Card') to 01-method
2023-10-04 11:47:55,183.message_producer.INFO  [x] Sent ('2022-10-15 20:57:19', '481.23', 'Debit Card') to 02-amount
2023-10-04 11:47:55,183.message_producer.INFO  [x] Sent ('2022-10-15 20:57:19', 'Clothing') to 03-category
2023-10-04 11:48:00,184.message_producer.INFO  [x] Sent ('2022-10-16 01:40:49', 'Apple Pay') to 01-method
2023-10-04 11:48:00,185.message_producer.INFO  [x] Sent ('2022-10-16 01:40:49', '380.62', 'Apple Pay') to 02-amount
2023-10-04 11:48:00,185.message_producer.INFO  [x] Sent ('2022-10-16 01:40:49', 'Clothing') to 03-category
2023-10-04 11:48:05,186.message_producer.INFO  [x] Sent ('2022-10-16 07:41:52', 'Google Wallet') to 01-method
2023-10-04 11:48:05,186.message_producer.INFO  [x] Sent ('2022-10-16 07:41:52', '319.0', 'Google Wallet') to 02-amount
2023-10-04 11:48:05,186.message_producer.INFO  [x] Sent ('2022-10-16 07:41:52', 'Home & Garden') to 03-category
2023-10-04 11:48:10,187.message_producer.INFO  [x] Sent ('2022-10-16 22:15:16', 'Store Card') to 01-method
2023-10-04 11:48:10,187.message_producer.INFO  [x] Sent ('2022-10-16 22:15:16', '79.01', 'Store Card') to 02-amount
2023-10-04 11:48:10,187.message_producer.INFO  [x] Sent ('2022-10-16 22:15:16', 'Home & Garden') to 03-category
2023-10-04 11:48:15,189.message_producer.INFO  [x] Sent ('2022-10-17 00:56:36', 'Store Card') to 01-method
2023-10-04 11:48:15,189.message_producer.INFO  [x] Sent ('2022-10-17 00:56:36', '351.52', 'Store Card') to 02-amount
2023-10-04 11:48:15,191.message_producer.INFO  [x] Sent ('2022-10-17 00:56:36', 'Home & Garden') to 03-category
2023-10-04 11:48:20,191.message_producer.INFO  [x] Sent ('2022-10-17 02:46:53', 'Google Wallet') to 01-method
2023-10-04 11:48:20,191.message_producer.INFO  [x] Sent ('2022-10-17 02:46:53', '309.71', 'Google Wallet') to 02-amount
2023-10-04 11:48:20,192.message_producer.INFO  [x] Sent ('2022-10-17 02:46:53', 'Books') to 03-category
2023-10-04 11:48:25,193.message_producer.INFO  [x] Sent ('2022-10-17 05:16:58', 'PayPal') to 01-method
2023-10-04 11:48:25,193.message_producer.INFO  [x] Sent ('2022-10-17 05:16:58', '144.25', 'PayPal') to 02-amount
2023-10-04 11:48:25,193.message_producer.INFO  [x] Sent ('2022-10-17 05:16:58', 'Clothing') to 03-category
2023-10-04 11:48:30,194.message_producer.INFO  [x] Sent ('2022-10-17 09:33:13', 'Credit Card') to 01-method
2023-10-04 11:48:30,194.message_producer.INFO  [x] Sent ('2022-10-17 09:33:13', '339.27', 'Credit Card') to 02-amount
2023-10-04 11:48:30,194.message_producer.INFO  [x] Sent ('2022-10-17 09:33:13', 'Home & Garden') to 03-category
2023-10-04 11:48:35,196.message_producer.INFO  [x] Sent ('2022-10-17 22:54:14', 'Store Card') to 01-method
2023-10-04 11:48:35,196.message_producer.INFO  [x] Sent ('2022-10-17 22:54:14', '451.14', 'Store Card') to 02-amount
2023-10-04 11:48:35,196.message_producer.INFO  [x] Sent ('2022-10-17 22:54:14', 'Sports & Outdoors') to 03-category
2023-10-04 11:48:40,198.message_producer.INFO  [x] Sent ('2022-10-18 02:15:35', 'Google Wallet') to 01-method
2023-10-04 11:48:40,198.message_producer.INFO  [x] Sent ('2022-10-18 02:15:35', '435.1', 'Google Wallet') to 02-amount
2023-10-04 11:48:40,198.message_producer.INFO  [x] Sent ('2022-10-18 02:15:35', 'Clothing') to 03-category
2023-10-04 11:48:45,199.message_producer.INFO  [x] Sent ('2022-10-18 06:31:14', 'PayPal') to 01-method
2023-10-04 11:48:45,199.message_producer.INFO  [x] Sent ('2022-10-18 06:31:14', '343.41', 'PayPal') to 02-amount
2023-10-04 11:48:45,200.message_producer.INFO  [x] Sent ('2022-10-18 06:31:14', 'Books') to 03-category
